<?xml version="1.0" encoding="UTF-8"?>
<!-- Generated by org.testng.reporters.JUnitXMLReporter -->
<testsuite ignored="0" hostname="Lenovo" failures="0" tests="4" name="Default test" time="42.762" errors="0" timestamp="14 Mar 2021 00:07:22 GMT">
  <testcase classname="org.tcs.Test1" name="tc1" time="5.232"/>
  <testcase classname="org.tcs.Test1" name="tc2" time="6.646"/>
  <testcase classname="org.tcs.Test1" name="tc2" time="23.013"/>
  <testcase classname="org.tcs.Test1" name="tc2" time="7.725"/>
</testsuite> <!-- Default test -->
