<?xml version="1.0" encoding="UTF-8"?>
<testng-results ignored="0" total="4" passed="4" failed="0" skipped="0">
  <reporter-output>
  </reporter-output>
  <suite started-at="2021-03-14T00:06:39Z" name="Default suite" finished-at="2021-03-14T00:07:22Z" duration-ms="42762">
    <groups>
    </groups>
    <test started-at="2021-03-14T00:06:39Z" name="Default test" finished-at="2021-03-14T00:07:22Z" duration-ms="42762">
      <class name="org.tcs.Test1">
        <test-method signature="tc1()[pri:0, instance:org.tcs.Test1@738dc9b]" started-at="2021-03-14T00:06:39Z" name="tc1" finished-at="2021-03-14T00:06:44Z" duration-ms="5232" status="PASS">
          <reporter-output>
          </reporter-output>
        </test-method> <!-- tc1 -->
        <test-method signature="tc2(java.lang.String, java.lang.String)[pri:0, instance:org.tcs.Test1@738dc9b]" started-at="2021-03-14T00:06:44Z" name="tc2" data-provider="dataForm" finished-at="2021-03-14T00:06:51Z" duration-ms="6646" status="PASS">
          <params>
            <param index="0">
              <value>
                <![CDATA[balaji]]>
              </value>
            </param>
            <param index="1">
              <value>
                <![CDATA[1638895]]>
              </value>
            </param>
          </params>
          <reporter-output>
          </reporter-output>
        </test-method> <!-- tc2 -->
        <test-method signature="tc2(java.lang.String, java.lang.String)[pri:0, instance:org.tcs.Test1@738dc9b]" started-at="2021-03-14T00:06:51Z" name="tc2" data-provider="dataForm" finished-at="2021-03-14T00:07:14Z" duration-ms="23013" status="PASS">
          <params>
            <param index="0">
              <value>
                <![CDATA[allen]]>
              </value>
            </param>
            <param index="1">
              <value>
                <![CDATA[3782739]]>
              </value>
            </param>
          </params>
          <reporter-output>
          </reporter-output>
        </test-method> <!-- tc2 -->
        <test-method signature="tc2(java.lang.String, java.lang.String)[pri:0, instance:org.tcs.Test1@738dc9b]" started-at="2021-03-14T00:07:14Z" name="tc2" data-provider="dataForm" finished-at="2021-03-14T00:07:22Z" duration-ms="7725" status="PASS">
          <params>
            <param index="0">
              <value>
                <![CDATA[ajith]]>
              </value>
            </param>
            <param index="1">
              <value>
                <![CDATA[289488]]>
              </value>
            </param>
          </params>
          <reporter-output>
          </reporter-output>
        </test-method> <!-- tc2 -->
      </class> <!-- org.tcs.Test1 -->
    </test> <!-- Default test -->
  </suite> <!-- Default suite -->
</testng-results>
